06-01 13:39:56 [info] [StdOut] 已重定向到命名管道: \\.\pipe\NapCat_61372
06-01 13:39:56 [info] [NapCat] [Core] NapCat.Core Version: 4.7.76
06-01 13:39:56 [info] [Check] ffmpeg: D:\G\QQBot\NapCat.Shell\ffmpeg\ffmpeg.exe
06-01 13:39:56 [info] [Check] ffprobe: D:\G\QQBot\NapCat.Shell\ffmpeg\ffprobe.exe
06-01 13:39:56 [info] [NapCat] [WebUi] WebUi Local Panel Url: http://127.0.0.1:6099/webui?token=Corner.Yx
06-01 13:39:56 [info] 等待网络连接...
06-01 13:39:57 [info] 网络已连接
06-01 13:39:57 [info] 没有 -q 指令指定快速登录，将使用二维码登录方式
06-01 13:39:57 [info] 可用于快速登录的 QQ：
1. 1706773717 EY Bot
2. 1633360356 蚊子没有🐴
06-01 13:39:57 [warn] 请扫描下面的二维码，然后在手Q上授权登录：
06-01 13:39:57 [warn] 

▄▄▄▄▄▄▄▄▄▄▄▄▄▄▄▄▄▄▄▄▄▄▄▄▄▄▄▄▄▄▄▄▄▄▄
█ ▄▄▄▄▄ █▄▄███▀▄█▀▀ █ ▀▄ ██ ▄▄▄▄▄ █
█ █   █ █ ▀█ ▄ █▀ ██▄▀▀ ▄▄█ █   █ █
█ █▄▄▄█ █▄ ▄▄▀▀█▄█ ▄▀██▄███ █▄▄▄█ █
█▄▄▄▄▄▄▄█▄▀▄▀▄█ █ ▀ ▀ █ ▀ █▄▄▄▄▄▄▄█
█▄   ▀█▄█ ▀████▀▄██▄▄▀██▀▄▄▀█▄▄ ▀ █
█▀█▄ ▀▀▄▀███▀▀▀▄▀█▄ █▀█▄ ██ ▀▄█▄ ▄█
█ █ ▄▀█▄▄█ ▀ █▄█ ▀ ▀██▀▄▄▀▄█▄▄ ▀▀██
█▄ ▄▄██▄ █▀ █ ▄██ █▀▄▀▀ █ ▀  ▄█ ███
█▀▄▀███▄█   ▄▀  ▀▀█▀█▀▄█▄       ▄ █
█ ██ █ ▄▄▄  ▄ █▀▄█▀▀▀▀█ ▀▀  ██ █▄▀█
█▀▄▀▄▀█▄▄▀▄ ▄ █▀██▄█▀ █▀  ▄▀▄█▀▄▀▀█
██▀ ▀▀ ▄▄▀█▀▄▄▀ █▄█ ▀▀██ ▄▄▀▀▄▀▄ ▄█
█▄██▄█▄▄▄▀ ▄▀ ▄█▄▀█▀███   ▄▄▄ ▄██▄█
█ ▄▄▄▄▄ ███  ██▄█▄██ ▄ █  █▄█ ▀▀███
█ █   █ █▀▀███  ▀ ▄ █▀    ▄▄▄▄█  ▄█
█ █▄▄▄█ █  ▀▀ █▀▄  █▀██ ▄▀▄ ▄▀█▄▄▀█
█▄▄▄▄▄▄▄█▄▄▄█▄█████▄▄█████▄███▄▄███

二维码解码URL: https://txz.qq.com/p?k=Qzt6zUMi7YvoFsEztGBPDSUp57YVU2E0&f=1600001604
如果控制台二维码无法扫码，可以复制解码url到二维码生成网站生成二维码再扫码，也可以打开下方的二维码路径图片进行扫码。
06-01 13:39:57 [warn] 二维码已保存到 D:\G\QQBot\NapCat.Shell\cache\qrcode.png
06-01 13:40:05 [error] 当前账号(1633360356)已登录,无法重复登录
